# JRE version: OpenJDK Runtime Environment (8.0_76-b03) (build 1.8.0_76-release-b03)
# Java VM: OpenJDK 64-Bit Server VM (25.76-b03 mixed mode windows-amd64 compressed oops)
Heap:
 PSYoungGen      total 169472K, used 42313K [0x00000000eab00000, 0x00000000f7900000, 0x0000000100000000)
  eden space 151040K, 28% used [0x00000000eab00000,0x00000000ed452658,0x00000000f3e80000)
  from space 18432K, 0% used [0x00000000f3e80000,0x00000000f3e80000,0x00000000f5080000)
  to   space 29696K, 0% used [0x00000000f5c00000,0x00000000f5c00000,0x00000000f7900000)
 ParOldGen       total 101888K, used 34384K [0x00000000c0000000, 0x00000000c6380000, 0x00000000eab00000)
  object space 101888K, 33% used [0x00000000c0000000,0x00000000c21940e0,0x00000000c6380000)
 Metaspace       used 55162K, capacity 56532K, committed 56832K, reserved 1097728K
  class space    used 7266K, capacity 7538K, committed 7680K, reserved 1048576K
GC Heap History (10 events):
Event: 6.478 GC heap before
{Heap before GC invocations=10 (full 2):
 PSYoungGen      total 133632K, used 11751K [0x00000000eab00000, 0x00000000f4e80000, 0x0000000100000000)
  eden space 121856K, 0% used [0x00000000eab00000,0x00000000eab00000,0x00000000f2200000)
  from space 11776K, 99% used [0x00000000f2f80000,0x00000000f3af9e28,0x00000000f3b00000)
  to   space 13824K, 0% used [0x00000000f2200000,0x00000000f2200000,0x00000000f2f80000)
 ParOldGen       total 66560K, used 13382K [0x00000000c0000000, 0x00000000c4100000, 0x00000000eab00000)
  object space 66560K, 20% used [0x00000000c0000000,0x00000000c0d11880,0x00000000c4100000)
 Metaspace       used 34711K, capacity 35298K, committed 35496K, reserved 1079296K
  class space    used 4649K, capacity 4835K, committed 4864K, reserved 1048576K
Event: 6.570 GC heap after
Heap after GC invocations=10 (full 2):
 PSYoungGen      total 133632K, used 0K [0x00000000eab00000, 0x00000000f4e80000, 0x0000000100000000)
  eden space 121856K, 0% used [0x00000000eab00000,0x00000000eab00000,0x00000000f2200000)
  from space 11776K, 0% used [0x00000000f2f80000,0x00000000f2f80000,0x00000000f3b00000)
  to   space 13824K, 0% used [0x00000000f2200000,0x00000000f2200000,0x00000000f2f80000)
 ParOldGen       total 101888K, used 19785K [0x00000000c0000000, 0x00000000c6380000, 0x00000000eab00000)
  object space 101888K, 19% used [0x00000000c0000000,0x00000000c13526c8,0x00000000c6380000)
 Metaspace       used 34711K, capacity 35298K, committed 35496K, reserved 1079296K
  class space    used 4649K, capacity 4835K, committed 4864K, reserved 1048576K
}
Event: 8.424 GC heap before
{Heap before GC invocations=11 (full 2):
 PSYoungGen      total 133632K, used 121856K [0x00000000eab00000, 0x00000000f4e80000, 0x0000000100000000)
  eden space 121856K, 100% used [0x00000000eab00000,0x00000000f2200000,0x00000000f2200000)
  from space 11776K, 0% used [0x00000000f2f80000,0x00000000f2f80000,0x00000000f3b00000)
  to   space 13824K, 0% used [0x00000000f2200000,0x00000000f2200000,0x00000000f2f80000)
 ParOldGen       total 101888K, used 19785K [0x00000000c0000000, 0x00000000c6380000, 0x00000000eab00000)
  object space 101888K, 19% used [0x00000000c0000000,0x00000000c13526c8,0x00000000c6380000)
 Metaspace       used 42585K, capacity 43358K, committed 43648K, reserved 1087488K
  class space    used 5733K, capacity 5949K, committed 6016K, reserved 1048576K
Event: 8.439 GC heap after
Heap after GC invocations=11 (full 2):
 PSYoungGen      total 135680K, used 11784K [0x00000000eab00000, 0x00000000f5e80000, 0x0000000100000000)
  eden space 121856K, 0% used [0x00000000eab00000,0x00000000eab00000,0x00000000f2200000)
  from space 13824K, 85% used [0x00000000f2200000,0x00000000f2d820b8,0x00000000f2f80000)
  to   space 14336K, 0% used [0x00000000f5080000,0x00000000f5080000,0x00000000f5e80000)
 ParOldGen       total 101888K, used 19857K [0x00000000c0000000, 0x00000000c6380000, 0x00000000eab00000)
  object space 101888K, 19% used [0x00000000c0000000,0x00000000c13646d8,0x00000000c6380000)
 Metaspace       used 42585K, capacity 43358K, committed 43648K, reserved 1087488K
  class space    used 5733K, capacity 5949K, committed 6016K, reserved 1048576K
}
Event: 13.050 GC heap before
{Heap before GC invocations=12 (full 2):
 PSYoungGen      total 135680K, used 133640K [0x00000000eab00000, 0x00000000f5e80000, 0x0000000100000000)
  eden space 121856K, 100% used [0x00000000eab00000,0x00000000f2200000,0x00000000f2200000)
  from space 13824K, 85% used [0x00000000f2200000,0x00000000f2d820b8,0x00000000f2f80000)
  to   space 14336K, 0% used [0x00000000f5080000,0x00000000f5080000,0x00000000f5e80000)
 ParOldGen       total 101888K, used 19857K [0x00000000c0000000, 0x00000000c6380000, 0x00000000eab00000)
  object space 101888K, 19% used [0x00000000c0000000,0x00000000c13646d8,0x00000000c6380000)
 Metaspace       used 51262K, capacity 52576K, committed 52864K, reserved 1095680K
  class space    used 6905K, capacity 7238K, committed 7296K, reserved 1048576K
Event: 13.068 GC heap after
Heap after GC invocations=12 (full 2):
 PSYoungGen      total 165376K, used 14335K [0x00000000eab00000, 0x00000000f6300000, 0x0000000100000000)
  eden space 151040K, 0% used [0x00000000eab00000,0x00000000eab00000,0x00000000f3e80000)
  from space 14336K, 99% used [0x00000000f5080000,0x00000000f5e7fe68,0x00000000f5e80000)
  to   space 18432K, 0% used [0x00000000f3e80000,0x00000000f3e80000,0x00000000f5080000)
 ParOldGen       total 101888K, used 25815K [0x00000000c0000000, 0x00000000c6380000, 0x00000000eab00000)
  object space 101888K, 25% used [0x00000000c0000000,0x00000000c1935e40,0x00000000c6380000)
 Metaspace       used 51262K, capacity 52576K, committed 52864K, reserved 1095680K
  class space    used 6905K, capacity 7238K, committed 7296K, reserved 1048576K
}
Event: 18.231 GC heap before
{Heap before GC invocations=13 (full 2):
 PSYoungGen      total 165376K, used 161816K [0x00000000eab00000, 0x00000000f6300000, 0x0000000100000000)
  eden space 151040K, 97% used [0x00000000eab00000,0x00000000f3b06558,0x00000000f3e80000)
  from space 14336K, 99% used [0x00000000f5080000,0x00000000f5e7fe68,0x00000000f5e80000)
  to   space 18432K, 0% used [0x00000000f3e80000,0x00000000f3e80000,0x00000000f5080000)
 ParOldGen       total 101888K, used 25815K [0x00000000c0000000, 0x00000000c6380000, 0x00000000eab00000)
  object space 101888K, 25% used [0x00000000c0000000,0x00000000c1935e40,0x00000000c6380000)
 Metaspace       used 54958K, capacity 56300K, committed 56576K, reserved 1097728K
  class space    used 7258K, capacity 7560K, committed 7680K, reserved 1048576K
Event: 18.267 GC heap after
Heap after GC invocations=13 (full 2):
 PSYoungGen      total 169472K, used 18421K [0x00000000eab00000, 0x00000000f7900000, 0x0000000100000000)
  eden space 151040K, 0% used [0x00000000eab00000,0x00000000eab00000,0x00000000f3e80000)
  from space 18432K, 99% used [0x00000000f3e80000,0x00000000f507d790,0x00000000f5080000)
  to   space 29696K, 0% used [0x00000000f5c00000,0x00000000f5c00000,0x00000000f7900000)
 ParOldGen       total 101888K, used 49970K [0x00000000c0000000, 0x00000000c6380000, 0x00000000eab00000)
  object space 101888K, 49% used [0x00000000c0000000,0x00000000c30cc870,0x00000000c6380000)
 Metaspace       used 54958K, capacity 56300K, committed 56576K, reserved 1097728K
  class space    used 7258K, capacity 7560K, committed 7680K, reserved 1048576K
}
Event: 18.267 GC heap before
{Heap before GC invocations=14 (full 3):
 PSYoungGen      total 169472K, used 18421K [0x00000000eab00000, 0x00000000f7900000, 0x0000000100000000)
  eden space 151040K, 0% used [0x00000000eab00000,0x00000000eab00000,0x00000000f3e80000)
  from space 18432K, 99% used [0x00000000f3e80000,0x00000000f507d790,0x00000000f5080000)
  to   space 29696K, 0% used [0x00000000f5c00000,0x00000000f5c00000,0x00000000f7900000)
 ParOldGen       total 101888K, used 49970K [0x00000000c0000000, 0x00000000c6380000, 0x00000000eab00000)
  object space 101888K, 49% used [0x00000000c0000000,0x00000000c30cc870,0x00000000c6380000)
 Metaspace       used 54958K, capacity 56300K, committed 56576K, reserved 1097728K
  class space    used 7258K, capacity 7560K, committed 7680K, reserved 1048576K
Event: 18.466 GC heap after
Heap after GC invocations=14 (full 3):
 PSYoungGen      total 169472K, used 0K [0x00000000eab00000, 0x00000000f7900000, 0x0000000100000000)
  eden space 151040K, 0% used [0x00000000eab00000,0x00000000eab00000,0x00000000f3e80000)
  from space 18432K, 0% used [0x00000000f3e80000,0x00000000f3e80000,0x00000000f5080000)
  to   space 29696K, 0% used [0x00000000f5c00000,0x00000000f5c00000,0x00000000f7900000)
 ParOldGen       total 101888K, used 34384K [0x00000000c0000000, 0x00000000c6380000, 0x00000000eab00000)
  object space 101888K, 33% used [0x00000000c0000000,0x00000000c21940e0,0x00000000c6380000)
 Metaspace       used 54901K, capacity 56192K, committed 56576K, reserved 1097728K
  class space    used 7248K, capacity 7520K, committed 7680K, reserved 1048576K
}

